
========== DIAGNOSTIC LOG 2025-03-18T12:54:21.407Z ==========
Device ID: Anand
User Agent: Mozilla/5.0 (Linux; Android 10; K) AppleWebKit/537.36 (KHTML, like Gecko) Chrome/134.0.0.0 Mobile Safari/537.36
Screen: 424x932
Failure Logs: 0
Success Logs: 20
Pending Failure Logs: 0

FAILURE DETAILS:
[]

SUCCESS DETAILS:
[
  {
    "timestamp": "2025-03-18T11:55:43.396Z",
    "networkInfo": {
      "type": "4g",
      "downlink": 10
    }
  },
  {
    "timestamp": "2025-03-18T11:55:44.074Z",
    "networkInfo": {
      "type": "4g",
      "downlink": 10
    }
  },
  {
    "timestamp": "2025-03-18T11:55:45.544Z",
    "networkInfo": {
      "type": "4g",
      "downlink": 10
    }
  },
  {
    "timestamp": "2025-03-18T11:55:46.468Z",
    "networkInfo": {
      "type": "4g",
      "downlink": 10
    }
  },
  {
    "timestamp": "2025-03-18T11:55:47.316Z",
    "networkInfo": {
      "type": "4g",
      "downlink": 10
    }
  },
  {
    "timestamp": "2025-03-18T11:55:48.309Z",
    "networkInfo": {
      "type": "4g",
      "downlink": 10
    }
  },
  {
    "timestamp": "2025-03-18T11:55:49.232Z",
    "networkInfo": {
      "type": "4g",
      "downlink": 10
    }
  },
  {
    "timestamp": "2025-03-18T11:55:50.669Z",
    "networkInfo": {
      "type": "4g",
      "downlink": 10
    }
  },
  {
    "timestamp": "2025-03-18T11:55:51.175Z",
    "networkInfo": {
      "type": "4g",
      "downlink": 10
    }
  },
  {
    "timestamp": "2025-03-18T11:55:52.443Z",
    "networkInfo": {
      "type": "4g",
      "downlink": 10
    }
  },
  {
    "timestamp": "2025-03-18T11:55:53.432Z",
    "networkInfo": {
      "type": "4g",
      "downlink": 10
    }
  },
  {
    "timestamp": "2025-03-18T11:55:54.355Z",
    "networkInfo": {
      "type": "4g",
      "downlink": 10
    }
  },
  {
    "timestamp": "2025-03-18T11:55:55.477Z",
    "networkInfo": {
      "type": "4g",
      "downlink": 10
    }
  },
  {
    "timestamp": "2025-03-18T11:55:56.407Z",
    "networkInfo": {
      "type": "4g",
      "downlink": 10
    }
  },
  {
    "timestamp": "2025-03-18T11:55:57.327Z",
    "networkInfo": {
      "type": "4g",
      "downlink": 10
    }
  },
  {
    "timestamp": "2025-03-18T11:56:47.181Z",
    "networkInfo": {
      "type": "4g",
      "downlink": 10
    }
  },
  {
    "timestamp": "2025-03-18T11:56:49.240Z",
    "networkInfo": {
      "type": "4g",
      "downlink": 10
    }
  },
  {
    "timestamp": "2025-03-18T11:56:50.183Z",
    "networkInfo": {
      "type": "4g",
      "downlink": 10
    }
  },
  {
    "timestamp": "2025-03-18T11:56:51.299Z",
    "networkInfo": {
      "type": "4g",
      "downlink": 10
    }
  },
  {
    "timestamp": "2025-03-18T11:56:52.295Z",
    "networkInfo": {
      "type": "4g",
      "downlink": 10
    }
  }
]

TRACKING DETAILS:
[
  {
    "type": "location_attempt",
    "data": {
      "id": "Anand",
      "latitude": 12.9292589,
      "longitude": 77.6105362,
      "accuracy": 11.744000434875488,
      "timestamp": "2025-03-18T11:55:42.821Z",
      "action": "tracking",
      "diagnostics": {
        "battery": {
          "level": 61,
          "charging": false
        },
        "network": {
          "type": "4g",
          "downlink": 10,
          "rtt": 50,
          "saveData": false
        },
        "userAgent": "Mozilla/5.0 (Linux; Android 10; K) AppleWebKit/537.36 (KHTML, like Gecko) Chrome/134.0.0.0 Mobile Safari/537.36",
        "visibilityState": "visible"
      }
    },
    "timestamp": "2025-03-18T11:55:42.822Z"
  },
  {
    "type": "location_attempt",
    "data": {
      "id": "Anand",
      "latitude": 12.9292589,
      "longitude": 77.6105362,
      "accuracy": 11.673999786376953,
      "timestamp": "2025-03-18T11:55:43.804Z",
      "action": "tracking",
      "diagnostics": {
        "battery": {
          "level": 61,
          "charging": false
        },
        "network": {
          "type": "4g",
          "downlink": 10,
          "rtt": 50,
          "saveData": false
        },
        "userAgent": "Mozilla/5.0 (Linux; Android 10; K) AppleWebKit/537.36 (KHTML, like Gecko) Chrome/134.0.0.0 Mobile Safari/537.36",
        "visibilityState": "visible"
      }
    },
    "timestamp": "2025-03-18T11:55:43.805Z"
  },
  {
    "type": "location_attempt",
    "data": {
      "id": "Anand",
      "latitude": 12.9292588,
      "longitude": 77.6105362,
      "accuracy": 11.470000267028809,
      "timestamp": "2025-03-18T11:55:44.777Z",
      "action": "tracking",
      "diagnostics": {
        "battery": {
          "level": 61,
          "charging": false
        },
        "network": {
          "type": "4g",
          "downlink": 10,
          "rtt": 50,
          "saveData": false
        },
        "userAgent": "Mozilla/5.0 (Linux; Android 10; K) AppleWebKit/537.36 (KHTML, like Gecko) Chrome/134.0.0.0 Mobile Safari/537.36",
        "visibilityState": "visible"
      }
    },
    "timestamp": "2025-03-18T11:55:44.778Z"
  },
  {
    "type": "location_attempt",
    "data": {
      "id": "Anand",
      "latitude": 12.9292588,
      "longitude": 77.6105362,
      "accuracy": 11.456999778747559,
      "timestamp": "2025-03-18T11:55:45.797Z",
      "action": "tracking",
      "diagnostics": {
        "battery": {
          "level": 61,
          "charging": false
        },
        "network": {
          "type": "4g",
          "downlink": 10,
          "rtt": 50,
          "saveData": false
        },
        "userAgent": "Mozilla/5.0 (Linux; Android 10; K) AppleWebKit/537.36 (KHTML, like Gecko) Chrome/134.0.0.0 Mobile Safari/537.36",
        "visibilityState": "visible"
      }
    },
    "timestamp": "2025-03-18T11:55:45.799Z"
  },
  {
    "type": "location_attempt",
    "data": {
      "id": "Anand",
      "latitude": 12.9292593,
      "longitude": 77.6105357,
      "accuracy": 11.35200023651123,
      "timestamp": "2025-03-18T11:55:46.798Z",
      "action": "tracking",
      "diagnostics": {
        "battery": {
          "level": 61,
          "charging": false
        },
        "network": {
          "type": "4g",
          "downlink": 10,
          "rtt": 50,
          "saveData": false
        },
        "userAgent": "Mozilla/5.0 (Linux; Android 10; K) AppleWebKit/537.36 (KHTML, like Gecko) Chrome/134.0.0.0 Mobile Safari/537.36",
        "visibilityState": "visible"
      }
    },
    "timestamp": "2025-03-18T11:55:46.799Z"
  },
  {
    "type": "location_attempt",
    "data": {
      "id": "Anand",
      "latitude": 12.9292594,
      "longitude": 77.6105355,
      "accuracy": 11.321999549865723,
      "timestamp": "2025-03-18T11:55:47.800Z",
      "action": "tracking",
      "diagnostics": {
        "battery": {
          "level": 61,
          "charging": false
        },
        "network": {
          "type": "4g",
          "downlink": 10,
          "rtt": 50,
          "saveData": false
        },
        "userAgent": "Mozilla/5.0 (Linux; Android 10; K) AppleWebKit/537.36 (KHTML, like Gecko) Chrome/134.0.0.0 Mobile Safari/537.36",
        "visibilityState": "visible"
      }
    },
    "timestamp": "2025-03-18T11:55:47.801Z"
  },
  {
    "type": "location_attempt",
    "data": {
      "id": "Anand",
      "latitude": 12.9292594,
      "longitude": 77.6105355,
      "accuracy": 11.343000411987305,
      "timestamp": "2025-03-18T11:55:48.813Z",
      "action": "tracking",
      "diagnostics": {
        "battery": {
          "level": 61,
          "charging": false
        },
        "network": {
          "type": "4g",
          "downlink": 10,
          "rtt": 50,
          "saveData": false
        },
        "userAgent": "Mozilla/5.0 (Linux; Android 10; K) AppleWebKit/537.36 (KHTML, like Gecko) Chrome/134.0.0.0 Mobile Safari/537.36",
        "visibilityState": "visible"
      }
    },
    "timestamp": "2025-03-18T11:55:48.816Z"
  },
  {
    "type": "location_attempt",
    "data": {
      "id": "Anand",
      "latitude": 12.9292593,
      "longitude": 77.6105355,
      "accuracy": 11.373000144958496,
      "timestamp": "2025-03-18T11:55:49.797Z",
      "action": "tracking",
      "diagnostics": {
        "battery": {
          "level": 61,
          "charging": false
        },
        "network": {
          "type": "4g",
          "downlink": 10,
          "rtt": 50,
          "saveData": false
        },
        "userAgent": "Mozilla/5.0 (Linux; Android 10; K) AppleWebKit/537.36 (KHTML, like Gecko) Chrome/134.0.0.0 Mobile Safari/537.36",
        "visibilityState": "visible"
      }
    },
    "timestamp": "2025-03-18T11:55:49.798Z"
  },
  {
    "type": "location_attempt",
    "data": {
      "id": "Anand",
      "latitude": 12.9292593,
      "longitude": 77.6105356,
      "accuracy": 11.434000015258789,
      "timestamp": "2025-03-18T11:55:50.802Z",
      "action": "tracking",
      "diagnostics": {
        "battery": {
          "level": 61,
          "charging": false
        },
        "network": {
          "type": "4g",
          "downlink": 10,
          "rtt": 50,
          "saveData": false
        },
        "userAgent": "Mozilla/5.0 (Linux; Android 10; K) AppleWebKit/537.36 (KHTML, like Gecko) Chrome/134.0.0.0 Mobile Safari/537.36",
        "visibilityState": "visible"
      }
    },
    "timestamp": "2025-03-18T11:55:50.804Z"
  },
  {
    "type": "location_attempt",
    "data": {
      "id": "Anand",
      "latitude": 12.9292597,
      "longitude": 77.6105352,
      "accuracy": 11.440999984741211,
      "timestamp": "2025-03-18T11:55:51.800Z",
      "action": "tracking",
      "diagnostics": {
        "battery": {
          "level": 61,
          "charging": false
        },
        "network": {
          "type": "4g",
          "downlink": 10,
          "rtt": 50,
          "saveData": false
        },
        "userAgent": "Mozilla/5.0 (Linux; Android 10; K) AppleWebKit/537.36 (KHTML, like Gecko) Chrome/134.0.0.0 Mobile Safari/537.36",
        "visibilityState": "visible"
      }
    },
    "timestamp": "2025-03-18T11:55:51.800Z"
  },
  {
    "type": "location_attempt",
    "data": {
      "id": "Anand",
      "latitude": 12.9292598,
      "longitude": 77.6105351,
      "accuracy": 11.439000129699707,
      "timestamp": "2025-03-18T11:55:52.809Z",
      "action": "tracking",
      "diagnostics": {
        "battery": {
          "level": 61,
          "charging": false
        },
        "network": {
          "type": "4g",
          "downlink": 10,
          "rtt": 50,
          "saveData": false
        },
        "userAgent": "Mozilla/5.0 (Linux; Android 10; K) AppleWebKit/537.36 (KHTML, like Gecko) Chrome/134.0.0.0 Mobile Safari/537.36",
        "visibilityState": "visible"
      }
    },
    "timestamp": "2025-03-18T11:55:52.809Z"
  },
  {
    "type": "location_attempt",
    "data": {
      "id": "Anand",
      "latitude": 12.9292599,
      "longitude": 77.6105351,
      "accuracy": 11.489999771118164,
      "timestamp": "2025-03-18T11:55:53.805Z",
      "action": "tracking",
      "diagnostics": {
        "battery": {
          "level": 61,
          "charging": false
        },
        "network": {
          "type": "4g",
          "downlink": 10,
          "rtt": 50,
          "saveData": false
        },
        "userAgent": "Mozilla/5.0 (Linux; Android 10; K) AppleWebKit/537.36 (KHTML, like Gecko) Chrome/134.0.0.0 Mobile Safari/537.36",
        "visibilityState": "visible"
      }
    },
    "timestamp": "2025-03-18T11:55:53.806Z"
  },
  {
    "type": "location_attempt",
    "data": {
      "id": "Anand",
      "latitude": 12.9292599,
      "longitude": 77.6105353,
      "accuracy": 11.52400016784668,
      "timestamp": "2025-03-18T11:55:54.798Z",
      "action": "tracking",
      "diagnostics": {
        "battery": {
          "level": 61,
          "charging": false
        },
        "network": {
          "type": "4g",
          "downlink": 10,
          "rtt": 50,
          "saveData": false
        },
        "userAgent": "Mozilla/5.0 (Linux; Android 10; K) AppleWebKit/537.36 (KHTML, like Gecko) Chrome/134.0.0.0 Mobile Safari/537.36",
        "visibilityState": "visible"
      }
    },
    "timestamp": "2025-03-18T11:55:54.800Z"
  },
  {
    "type": "location_attempt",
    "data": {
      "id": "Anand",
      "latitude": 12.9292599,
      "longitude": 77.6105353,
      "accuracy": 11.553999900817871,
      "timestamp": "2025-03-18T11:55:55.817Z",
      "action": "tracking",
      "diagnostics": {
        "battery": {
          "level": 61,
          "charging": false
        },
        "network": {
          "type": "4g",
          "downlink": 10,
          "rtt": 50,
          "saveData": false
        },
        "userAgent": "Mozilla/5.0 (Linux; Android 10; K) AppleWebKit/537.36 (KHTML, like Gecko) Chrome/134.0.0.0 Mobile Safari/537.36",
        "visibilityState": "visible"
      }
    },
    "timestamp": "2025-03-18T11:55:55.818Z"
  },
  {
    "type": "location_attempt",
    "data": {
      "id": "Anand",
      "latitude": 12.9292602,
      "longitude": 77.6105348,
      "accuracy": 11.463000297546387,
      "timestamp": "2025-03-18T11:55:56.793Z",
      "action": "tracking",
      "diagnostics": {
        "battery": {
          "level": 61,
          "charging": false
        },
        "network": {
          "type": "4g",
          "downlink": 10,
          "rtt": 50,
          "saveData": false
        },
        "userAgent": "Mozilla/5.0 (Linux; Android 10; K) AppleWebKit/537.36 (KHTML, like Gecko) Chrome/134.0.0.0 Mobile Safari/537.36",
        "visibilityState": "visible"
      }
    },
    "timestamp": "2025-03-18T11:55:56.794Z"
  },
  {
    "type": "location_attempt",
    "data": {
      "id": "Anand",
      "latitude": 12.9292718,
      "longitude": 77.6104895,
      "accuracy": 12.354999542236328,
      "timestamp": "2025-03-18T11:56:46.814Z",
      "action": "tracking",
      "diagnostics": {
        "battery": {
          "level": 61,
          "charging": false
        },
        "network": {
          "type": "4g",
          "downlink": 10,
          "rtt": 50,
          "saveData": false
        },
        "userAgent": "Mozilla/5.0 (Linux; Android 10; K) AppleWebKit/537.36 (KHTML, like Gecko) Chrome/134.0.0.0 Mobile Safari/537.36",
        "visibilityState": "visible"
      }
    },
    "timestamp": "2025-03-18T11:56:46.815Z"
  },
  {
    "type": "location_attempt",
    "data": {
      "id": "Anand",
      "latitude": 12.9292608,
      "longitude": 77.6105287,
      "accuracy": 13.593000411987305,
      "timestamp": "2025-03-18T11:56:48.806Z",
      "action": "tracking",
      "diagnostics": {
        "battery": {
          "level": 61,
          "charging": false
        },
        "network": {
          "type": "4g",
          "downlink": 10,
          "rtt": 50,
          "saveData": false
        },
        "userAgent": "Mozilla/5.0 (Linux; Android 10; K) AppleWebKit/537.36 (KHTML, like Gecko) Chrome/134.0.0.0 Mobile Safari/537.36",
        "visibilityState": "visible"
      }
    },
    "timestamp": "2025-03-18T11:56:48.807Z"
  },
  {
    "type": "location_attempt",
    "data": {
      "id": "Anand",
      "latitude": 12.9292597,
      "longitude": 77.6105348,
      "accuracy": 13.060999870300293,
      "timestamp": "2025-03-18T11:56:49.797Z",
      "action": "tracking",
      "diagnostics": {
        "battery": {
          "level": 61,
          "charging": false
        },
        "network": {
          "type": "4g",
          "downlink": 10,
          "rtt": 50,
          "saveData": false
        },
        "userAgent": "Mozilla/5.0 (Linux; Android 10; K) AppleWebKit/537.36 (KHTML, like Gecko) Chrome/134.0.0.0 Mobile Safari/537.36",
        "visibilityState": "visible"
      }
    },
    "timestamp": "2025-03-18T11:56:49.798Z"
  },
  {
    "type": "location_attempt",
    "data": {
      "id": "Anand",
      "latitude": 12.9292603,
      "longitude": 77.6105359,
      "accuracy": 12.361000061035156,
      "timestamp": "2025-03-18T11:56:50.799Z",
      "action": "tracking",
      "diagnostics": {
        "battery": {
          "level": 61,
          "charging": false
        },
        "network": {
          "type": "4g",
          "downlink": 10,
          "rtt": 50,
          "saveData": false
        },
        "userAgent": "Mozilla/5.0 (Linux; Android 10; K) AppleWebKit/537.36 (KHTML, like Gecko) Chrome/134.0.0.0 Mobile Safari/537.36",
        "visibilityState": "visible"
      }
    },
    "timestamp": "2025-03-18T11:56:50.800Z"
  },
  {
    "type": "location_attempt",
    "data": {
      "id": "Anand",
      "latitude": 12.9292606,
      "longitude": 77.6105358,
      "accuracy": 11.659000396728516,
      "timestamp": "2025-03-18T11:56:51.790Z",
      "action": "tracking",
      "diagnostics": {
        "battery": {
          "level": 61,
          "charging": false
        },
        "network": {
          "type": "4g",
          "downlink": 10,
          "rtt": 50,
          "saveData": false
        },
        "userAgent": "Mozilla/5.0 (Linux; Android 10; K) AppleWebKit/537.36 (KHTML, like Gecko) Chrome/134.0.0.0 Mobile Safari/537.36",
        "visibilityState": "visible"
      }
    },
    "timestamp": "2025-03-18T11:56:51.791Z"
  }
]
==========================================================

========== DIAGNOSTIC LOG 2025-03-18T12:54:29.801Z ==========
Device ID: Anand
User Agent: Mozilla/5.0 (Linux; Android 10; K) AppleWebKit/537.36 (KHTML, like Gecko) Chrome/134.0.0.0 Mobile Safari/537.36
Screen: 424x932
Failure Logs: 0
Success Logs: 20
Pending Failure Logs: 0

FAILURE DETAILS:
[]

SUCCESS DETAILS:
[
  {
    "timestamp": "2025-03-18T11:55:43.396Z",
    "networkInfo": {
      "type": "4g",
      "downlink": 10
    }
  },
  {
    "timestamp": "2025-03-18T11:55:44.074Z",
    "networkInfo": {
      "type": "4g",
      "downlink": 10
    }
  },
  {
    "timestamp": "2025-03-18T11:55:45.544Z",
    "networkInfo": {
      "type": "4g",
      "downlink": 10
    }
  },
  {
    "timestamp": "2025-03-18T11:55:46.468Z",
    "networkInfo": {
      "type": "4g",
      "downlink": 10
    }
  },
  {
    "timestamp": "2025-03-18T11:55:47.316Z",
    "networkInfo": {
      "type": "4g",
      "downlink": 10
    }
  },
  {
    "timestamp": "2025-03-18T11:55:48.309Z",
    "networkInfo": {
      "type": "4g",
      "downlink": 10
    }
  },
  {
    "timestamp": "2025-03-18T11:55:49.232Z",
    "networkInfo": {
      "type": "4g",
      "downlink": 10
    }
  },
  {
    "timestamp": "2025-03-18T11:55:50.669Z",
    "networkInfo": {
      "type": "4g",
      "downlink": 10
    }
  },
  {
    "timestamp": "2025-03-18T11:55:51.175Z",
    "networkInfo": {
      "type": "4g",
      "downlink": 10
    }
  },
  {
    "timestamp": "2025-03-18T11:55:52.443Z",
    "networkInfo": {
      "type": "4g",
      "downlink": 10
    }
  },
  {
    "timestamp": "2025-03-18T11:55:53.432Z",
    "networkInfo": {
      "type": "4g",
      "downlink": 10
    }
  },
  {
    "timestamp": "2025-03-18T11:55:54.355Z",
    "networkInfo": {
      "type": "4g",
      "downlink": 10
    }
  },
  {
    "timestamp": "2025-03-18T11:55:55.477Z",
    "networkInfo": {
      "type": "4g",
      "downlink": 10
    }
  },
  {
    "timestamp": "2025-03-18T11:55:56.407Z",
    "networkInfo": {
      "type": "4g",
      "downlink": 10
    }
  },
  {
    "timestamp": "2025-03-18T11:55:57.327Z",
    "networkInfo": {
      "type": "4g",
      "downlink": 10
    }
  },
  {
    "timestamp": "2025-03-18T11:56:47.181Z",
    "networkInfo": {
      "type": "4g",
      "downlink": 10
    }
  },
  {
    "timestamp": "2025-03-18T11:56:49.240Z",
    "networkInfo": {
      "type": "4g",
      "downlink": 10
    }
  },
  {
    "timestamp": "2025-03-18T11:56:50.183Z",
    "networkInfo": {
      "type": "4g",
      "downlink": 10
    }
  },
  {
    "timestamp": "2025-03-18T11:56:51.299Z",
    "networkInfo": {
      "type": "4g",
      "downlink": 10
    }
  },
  {
    "timestamp": "2025-03-18T11:56:52.295Z",
    "networkInfo": {
      "type": "4g",
      "downlink": 10
    }
  }
]

TRACKING DETAILS:
[
  {
    "type": "location_attempt",
    "data": {
      "id": "Anand",
      "latitude": 12.9292589,
      "longitude": 77.6105362,
      "accuracy": 11.744000434875488,
      "timestamp": "2025-03-18T11:55:42.821Z",
      "action": "tracking",
      "diagnostics": {
        "battery": {
          "level": 61,
          "charging": false
        },
        "network": {
          "type": "4g",
          "downlink": 10,
          "rtt": 50,
          "saveData": false
        },
        "userAgent": "Mozilla/5.0 (Linux; Android 10; K) AppleWebKit/537.36 (KHTML, like Gecko) Chrome/134.0.0.0 Mobile Safari/537.36",
        "visibilityState": "visible"
      }
    },
    "timestamp": "2025-03-18T11:55:42.822Z"
  },
  {
    "type": "location_attempt",
    "data": {
      "id": "Anand",
      "latitude": 12.9292589,
      "longitude": 77.6105362,
      "accuracy": 11.673999786376953,
      "timestamp": "2025-03-18T11:55:43.804Z",
      "action": "tracking",
      "diagnostics": {
        "battery": {
          "level": 61,
          "charging": false
        },
        "network": {
          "type": "4g",
          "downlink": 10,
          "rtt": 50,
          "saveData": false
        },
        "userAgent": "Mozilla/5.0 (Linux; Android 10; K) AppleWebKit/537.36 (KHTML, like Gecko) Chrome/134.0.0.0 Mobile Safari/537.36",
        "visibilityState": "visible"
      }
    },
    "timestamp": "2025-03-18T11:55:43.805Z"
  },
  {
    "type": "location_attempt",
    "data": {
      "id": "Anand",
      "latitude": 12.9292588,
      "longitude": 77.6105362,
      "accuracy": 11.470000267028809,
      "timestamp": "2025-03-18T11:55:44.777Z",
      "action": "tracking",
      "diagnostics": {
        "battery": {
          "level": 61,
          "charging": false
        },
        "network": {
          "type": "4g",
          "downlink": 10,
          "rtt": 50,
          "saveData": false
        },
        "userAgent": "Mozilla/5.0 (Linux; Android 10; K) AppleWebKit/537.36 (KHTML, like Gecko) Chrome/134.0.0.0 Mobile Safari/537.36",
        "visibilityState": "visible"
      }
    },
    "timestamp": "2025-03-18T11:55:44.778Z"
  },
  {
    "type": "location_attempt",
    "data": {
      "id": "Anand",
      "latitude": 12.9292588,
      "longitude": 77.6105362,
      "accuracy": 11.456999778747559,
      "timestamp": "2025-03-18T11:55:45.797Z",
      "action": "tracking",
      "diagnostics": {
        "battery": {
          "level": 61,
          "charging": false
        },
        "network": {
          "type": "4g",
          "downlink": 10,
          "rtt": 50,
          "saveData": false
        },
        "userAgent": "Mozilla/5.0 (Linux; Android 10; K) AppleWebKit/537.36 (KHTML, like Gecko) Chrome/134.0.0.0 Mobile Safari/537.36",
        "visibilityState": "visible"
      }
    },
    "timestamp": "2025-03-18T11:55:45.799Z"
  },
  {
    "type": "location_attempt",
    "data": {
      "id": "Anand",
      "latitude": 12.9292593,
      "longitude": 77.6105357,
      "accuracy": 11.35200023651123,
      "timestamp": "2025-03-18T11:55:46.798Z",
      "action": "tracking",
      "diagnostics": {
        "battery": {
          "level": 61,
          "charging": false
        },
        "network": {
          "type": "4g",
          "downlink": 10,
          "rtt": 50,
          "saveData": false
        },
        "userAgent": "Mozilla/5.0 (Linux; Android 10; K) AppleWebKit/537.36 (KHTML, like Gecko) Chrome/134.0.0.0 Mobile Safari/537.36",
        "visibilityState": "visible"
      }
    },
    "timestamp": "2025-03-18T11:55:46.799Z"
  },
  {
    "type": "location_attempt",
    "data": {
      "id": "Anand",
      "latitude": 12.9292594,
      "longitude": 77.6105355,
      "accuracy": 11.321999549865723,
      "timestamp": "2025-03-18T11:55:47.800Z",
      "action": "tracking",
      "diagnostics": {
        "battery": {
          "level": 61,
          "charging": false
        },
        "network": {
          "type": "4g",
          "downlink": 10,
          "rtt": 50,
          "saveData": false
        },
        "userAgent": "Mozilla/5.0 (Linux; Android 10; K) AppleWebKit/537.36 (KHTML, like Gecko) Chrome/134.0.0.0 Mobile Safari/537.36",
        "visibilityState": "visible"
      }
    },
    "timestamp": "2025-03-18T11:55:47.801Z"
  },
  {
    "type": "location_attempt",
    "data": {
      "id": "Anand",
      "latitude": 12.9292594,
      "longitude": 77.6105355,
      "accuracy": 11.343000411987305,
      "timestamp": "2025-03-18T11:55:48.813Z",
      "action": "tracking",
      "diagnostics": {
        "battery": {
          "level": 61,
          "charging": false
        },
        "network": {
          "type": "4g",
          "downlink": 10,
          "rtt": 50,
          "saveData": false
        },
        "userAgent": "Mozilla/5.0 (Linux; Android 10; K) AppleWebKit/537.36 (KHTML, like Gecko) Chrome/134.0.0.0 Mobile Safari/537.36",
        "visibilityState": "visible"
      }
    },
    "timestamp": "2025-03-18T11:55:48.816Z"
  },
  {
    "type": "location_attempt",
    "data": {
      "id": "Anand",
      "latitude": 12.9292593,
      "longitude": 77.6105355,
      "accuracy": 11.373000144958496,
      "timestamp": "2025-03-18T11:55:49.797Z",
      "action": "tracking",
      "diagnostics": {
        "battery": {
          "level": 61,
          "charging": false
        },
        "network": {
          "type": "4g",
          "downlink": 10,
          "rtt": 50,
          "saveData": false
        },
        "userAgent": "Mozilla/5.0 (Linux; Android 10; K) AppleWebKit/537.36 (KHTML, like Gecko) Chrome/134.0.0.0 Mobile Safari/537.36",
        "visibilityState": "visible"
      }
    },
    "timestamp": "2025-03-18T11:55:49.798Z"
  },
  {
    "type": "location_attempt",
    "data": {
      "id": "Anand",
      "latitude": 12.9292593,
      "longitude": 77.6105356,
      "accuracy": 11.434000015258789,
      "timestamp": "2025-03-18T11:55:50.802Z",
      "action": "tracking",
      "diagnostics": {
        "battery": {
          "level": 61,
          "charging": false
        },
        "network": {
          "type": "4g",
          "downlink": 10,
          "rtt": 50,
          "saveData": false
        },
        "userAgent": "Mozilla/5.0 (Linux; Android 10; K) AppleWebKit/537.36 (KHTML, like Gecko) Chrome/134.0.0.0 Mobile Safari/537.36",
        "visibilityState": "visible"
      }
    },
    "timestamp": "2025-03-18T11:55:50.804Z"
  },
  {
    "type": "location_attempt",
    "data": {
      "id": "Anand",
      "latitude": 12.9292597,
      "longitude": 77.6105352,
      "accuracy": 11.440999984741211,
      "timestamp": "2025-03-18T11:55:51.800Z",
      "action": "tracking",
      "diagnostics": {
        "battery": {
          "level": 61,
          "charging": false
        },
        "network": {
          "type": "4g",
          "downlink": 10,
          "rtt": 50,
          "saveData": false
        },
        "userAgent": "Mozilla/5.0 (Linux; Android 10; K) AppleWebKit/537.36 (KHTML, like Gecko) Chrome/134.0.0.0 Mobile Safari/537.36",
        "visibilityState": "visible"
      }
    },
    "timestamp": "2025-03-18T11:55:51.800Z"
  },
  {
    "type": "location_attempt",
    "data": {
      "id": "Anand",
      "latitude": 12.9292598,
      "longitude": 77.6105351,
      "accuracy": 11.439000129699707,
      "timestamp": "2025-03-18T11:55:52.809Z",
      "action": "tracking",
      "diagnostics": {
        "battery": {
          "level": 61,
          "charging": false
        },
        "network": {
          "type": "4g",
          "downlink": 10,
          "rtt": 50,
          "saveData": false
        },
        "userAgent": "Mozilla/5.0 (Linux; Android 10; K) AppleWebKit/537.36 (KHTML, like Gecko) Chrome/134.0.0.0 Mobile Safari/537.36",
        "visibilityState": "visible"
      }
    },
    "timestamp": "2025-03-18T11:55:52.809Z"
  },
  {
    "type": "location_attempt",
    "data": {
      "id": "Anand",
      "latitude": 12.9292599,
      "longitude": 77.6105351,
      "accuracy": 11.489999771118164,
      "timestamp": "2025-03-18T11:55:53.805Z",
      "action": "tracking",
      "diagnostics": {
        "battery": {
          "level": 61,
          "charging": false
        },
        "network": {
          "type": "4g",
          "downlink": 10,
          "rtt": 50,
          "saveData": false
        },
        "userAgent": "Mozilla/5.0 (Linux; Android 10; K) AppleWebKit/537.36 (KHTML, like Gecko) Chrome/134.0.0.0 Mobile Safari/537.36",
        "visibilityState": "visible"
      }
    },
    "timestamp": "2025-03-18T11:55:53.806Z"
  },
  {
    "type": "location_attempt",
    "data": {
      "id": "Anand",
      "latitude": 12.9292599,
      "longitude": 77.6105353,
      "accuracy": 11.52400016784668,
      "timestamp": "2025-03-18T11:55:54.798Z",
      "action": "tracking",
      "diagnostics": {
        "battery": {
          "level": 61,
          "charging": false
        },
        "network": {
          "type": "4g",
          "downlink": 10,
          "rtt": 50,
          "saveData": false
        },
        "userAgent": "Mozilla/5.0 (Linux; Android 10; K) AppleWebKit/537.36 (KHTML, like Gecko) Chrome/134.0.0.0 Mobile Safari/537.36",
        "visibilityState": "visible"
      }
    },
    "timestamp": "2025-03-18T11:55:54.800Z"
  },
  {
    "type": "location_attempt",
    "data": {
      "id": "Anand",
      "latitude": 12.9292599,
      "longitude": 77.6105353,
      "accuracy": 11.553999900817871,
      "timestamp": "2025-03-18T11:55:55.817Z",
      "action": "tracking",
      "diagnostics": {
        "battery": {
          "level": 61,
          "charging": false
        },
        "network": {
          "type": "4g",
          "downlink": 10,
          "rtt": 50,
          "saveData": false
        },
        "userAgent": "Mozilla/5.0 (Linux; Android 10; K) AppleWebKit/537.36 (KHTML, like Gecko) Chrome/134.0.0.0 Mobile Safari/537.36",
        "visibilityState": "visible"
      }
    },
    "timestamp": "2025-03-18T11:55:55.818Z"
  },
  {
    "type": "location_attempt",
    "data": {
      "id": "Anand",
      "latitude": 12.9292602,
      "longitude": 77.6105348,
      "accuracy": 11.463000297546387,
      "timestamp": "2025-03-18T11:55:56.793Z",
      "action": "tracking",
      "diagnostics": {
        "battery": {
          "level": 61,
          "charging": false
        },
        "network": {
          "type": "4g",
          "downlink": 10,
          "rtt": 50,
          "saveData": false
        },
        "userAgent": "Mozilla/5.0 (Linux; Android 10; K) AppleWebKit/537.36 (KHTML, like Gecko) Chrome/134.0.0.0 Mobile Safari/537.36",
        "visibilityState": "visible"
      }
    },
    "timestamp": "2025-03-18T11:55:56.794Z"
  },
  {
    "type": "location_attempt",
    "data": {
      "id": "Anand",
      "latitude": 12.9292718,
      "longitude": 77.6104895,
      "accuracy": 12.354999542236328,
      "timestamp": "2025-03-18T11:56:46.814Z",
      "action": "tracking",
      "diagnostics": {
        "battery": {
          "level": 61,
          "charging": false
        },
        "network": {
          "type": "4g",
          "downlink": 10,
          "rtt": 50,
          "saveData": false
        },
        "userAgent": "Mozilla/5.0 (Linux; Android 10; K) AppleWebKit/537.36 (KHTML, like Gecko) Chrome/134.0.0.0 Mobile Safari/537.36",
        "visibilityState": "visible"
      }
    },
    "timestamp": "2025-03-18T11:56:46.815Z"
  },
  {
    "type": "location_attempt",
    "data": {
      "id": "Anand",
      "latitude": 12.9292608,
      "longitude": 77.6105287,
      "accuracy": 13.593000411987305,
      "timestamp": "2025-03-18T11:56:48.806Z",
      "action": "tracking",
      "diagnostics": {
        "battery": {
          "level": 61,
          "charging": false
        },
        "network": {
          "type": "4g",
          "downlink": 10,
          "rtt": 50,
          "saveData": false
        },
        "userAgent": "Mozilla/5.0 (Linux; Android 10; K) AppleWebKit/537.36 (KHTML, like Gecko) Chrome/134.0.0.0 Mobile Safari/537.36",
        "visibilityState": "visible"
      }
    },
    "timestamp": "2025-03-18T11:56:48.807Z"
  },
  {
    "type": "location_attempt",
    "data": {
      "id": "Anand",
      "latitude": 12.9292597,
      "longitude": 77.6105348,
      "accuracy": 13.060999870300293,
      "timestamp": "2025-03-18T11:56:49.797Z",
      "action": "tracking",
      "diagnostics": {
        "battery": {
          "level": 61,
          "charging": false
        },
        "network": {
          "type": "4g",
          "downlink": 10,
          "rtt": 50,
          "saveData": false
        },
        "userAgent": "Mozilla/5.0 (Linux; Android 10; K) AppleWebKit/537.36 (KHTML, like Gecko) Chrome/134.0.0.0 Mobile Safari/537.36",
        "visibilityState": "visible"
      }
    },
    "timestamp": "2025-03-18T11:56:49.798Z"
  },
  {
    "type": "location_attempt",
    "data": {
      "id": "Anand",
      "latitude": 12.9292603,
      "longitude": 77.6105359,
      "accuracy": 12.361000061035156,
      "timestamp": "2025-03-18T11:56:50.799Z",
      "action": "tracking",
      "diagnostics": {
        "battery": {
          "level": 61,
          "charging": false
        },
        "network": {
          "type": "4g",
          "downlink": 10,
          "rtt": 50,
          "saveData": false
        },
        "userAgent": "Mozilla/5.0 (Linux; Android 10; K) AppleWebKit/537.36 (KHTML, like Gecko) Chrome/134.0.0.0 Mobile Safari/537.36",
        "visibilityState": "visible"
      }
    },
    "timestamp": "2025-03-18T11:56:50.800Z"
  },
  {
    "type": "location_attempt",
    "data": {
      "id": "Anand",
      "latitude": 12.9292606,
      "longitude": 77.6105358,
      "accuracy": 11.659000396728516,
      "timestamp": "2025-03-18T11:56:51.790Z",
      "action": "tracking",
      "diagnostics": {
        "battery": {
          "level": 61,
          "charging": false
        },
        "network": {
          "type": "4g",
          "downlink": 10,
          "rtt": 50,
          "saveData": false
        },
        "userAgent": "Mozilla/5.0 (Linux; Android 10; K) AppleWebKit/537.36 (KHTML, like Gecko) Chrome/134.0.0.0 Mobile Safari/537.36",
        "visibilityState": "visible"
      }
    },
    "timestamp": "2025-03-18T11:56:51.791Z"
  }
]
==========================================================

========== DIAGNOSTIC LOG 2025-03-18T12:54:31.795Z ==========
Device ID: Anand
User Agent: Mozilla/5.0 (Linux; Android 10; K) AppleWebKit/537.36 (KHTML, like Gecko) Chrome/134.0.0.0 Mobile Safari/537.36
Screen: 424x932
Failure Logs: 0
Success Logs: 20
Pending Failure Logs: 0

FAILURE DETAILS:
[]

SUCCESS DETAILS:
[
  {
    "timestamp": "2025-03-18T11:55:43.396Z",
    "networkInfo": {
      "type": "4g",
      "downlink": 10
    }
  },
  {
    "timestamp": "2025-03-18T11:55:44.074Z",
    "networkInfo": {
      "type": "4g",
      "downlink": 10
    }
  },
  {
    "timestamp": "2025-03-18T11:55:45.544Z",
    "networkInfo": {
      "type": "4g",
      "downlink": 10
    }
  },
  {
    "timestamp": "2025-03-18T11:55:46.468Z",
    "networkInfo": {
      "type": "4g",
      "downlink": 10
    }
  },
  {
    "timestamp": "2025-03-18T11:55:47.316Z",
    "networkInfo": {
      "type": "4g",
      "downlink": 10
    }
  },
  {
    "timestamp": "2025-03-18T11:55:48.309Z",
    "networkInfo": {
      "type": "4g",
      "downlink": 10
    }
  },
  {
    "timestamp": "2025-03-18T11:55:49.232Z",
    "networkInfo": {
      "type": "4g",
      "downlink": 10
    }
  },
  {
    "timestamp": "2025-03-18T11:55:50.669Z",
    "networkInfo": {
      "type": "4g",
      "downlink": 10
    }
  },
  {
    "timestamp": "2025-03-18T11:55:51.175Z",
    "networkInfo": {
      "type": "4g",
      "downlink": 10
    }
  },
  {
    "timestamp": "2025-03-18T11:55:52.443Z",
    "networkInfo": {
      "type": "4g",
      "downlink": 10
    }
  },
  {
    "timestamp": "2025-03-18T11:55:53.432Z",
    "networkInfo": {
      "type": "4g",
      "downlink": 10
    }
  },
  {
    "timestamp": "2025-03-18T11:55:54.355Z",
    "networkInfo": {
      "type": "4g",
      "downlink": 10
    }
  },
  {
    "timestamp": "2025-03-18T11:55:55.477Z",
    "networkInfo": {
      "type": "4g",
      "downlink": 10
    }
  },
  {
    "timestamp": "2025-03-18T11:55:56.407Z",
    "networkInfo": {
      "type": "4g",
      "downlink": 10
    }
  },
  {
    "timestamp": "2025-03-18T11:55:57.327Z",
    "networkInfo": {
      "type": "4g",
      "downlink": 10
    }
  },
  {
    "timestamp": "2025-03-18T11:56:47.181Z",
    "networkInfo": {
      "type": "4g",
      "downlink": 10
    }
  },
  {
    "timestamp": "2025-03-18T11:56:49.240Z",
    "networkInfo": {
      "type": "4g",
      "downlink": 10
    }
  },
  {
    "timestamp": "2025-03-18T11:56:50.183Z",
    "networkInfo": {
      "type": "4g",
      "downlink": 10
    }
  },
  {
    "timestamp": "2025-03-18T11:56:51.299Z",
    "networkInfo": {
      "type": "4g",
      "downlink": 10
    }
  },
  {
    "timestamp": "2025-03-18T11:56:52.295Z",
    "networkInfo": {
      "type": "4g",
      "downlink": 10
    }
  }
]

TRACKING DETAILS:
[
  {
    "type": "location_attempt",
    "data": {
      "id": "Anand",
      "latitude": 12.9292589,
      "longitude": 77.6105362,
      "accuracy": 11.744000434875488,
      "timestamp": "2025-03-18T11:55:42.821Z",
      "action": "tracking",
      "diagnostics": {
        "battery": {
          "level": 61,
          "charging": false
        },
        "network": {
          "type": "4g",
          "downlink": 10,
          "rtt": 50,
          "saveData": false
        },
        "userAgent": "Mozilla/5.0 (Linux; Android 10; K) AppleWebKit/537.36 (KHTML, like Gecko) Chrome/134.0.0.0 Mobile Safari/537.36",
        "visibilityState": "visible"
      }
    },
    "timestamp": "2025-03-18T11:55:42.822Z"
  },
  {
    "type": "location_attempt",
    "data": {
      "id": "Anand",
      "latitude": 12.9292589,
      "longitude": 77.6105362,
      "accuracy": 11.673999786376953,
      "timestamp": "2025-03-18T11:55:43.804Z",
      "action": "tracking",
      "diagnostics": {
        "battery": {
          "level": 61,
          "charging": false
        },
        "network": {
          "type": "4g",
          "downlink": 10,
          "rtt": 50,
          "saveData": false
        },
        "userAgent": "Mozilla/5.0 (Linux; Android 10; K) AppleWebKit/537.36 (KHTML, like Gecko) Chrome/134.0.0.0 Mobile Safari/537.36",
        "visibilityState": "visible"
      }
    },
    "timestamp": "2025-03-18T11:55:43.805Z"
  },
  {
    "type": "location_attempt",
    "data": {
      "id": "Anand",
      "latitude": 12.9292588,
      "longitude": 77.6105362,
      "accuracy": 11.470000267028809,
      "timestamp": "2025-03-18T11:55:44.777Z",
      "action": "tracking",
      "diagnostics": {
        "battery": {
          "level": 61,
          "charging": false
        },
        "network": {
          "type": "4g",
          "downlink": 10,
          "rtt": 50,
          "saveData": false
        },
        "userAgent": "Mozilla/5.0 (Linux; Android 10; K) AppleWebKit/537.36 (KHTML, like Gecko) Chrome/134.0.0.0 Mobile Safari/537.36",
        "visibilityState": "visible"
      }
    },
    "timestamp": "2025-03-18T11:55:44.778Z"
  },
  {
    "type": "location_attempt",
    "data": {
      "id": "Anand",
      "latitude": 12.9292588,
      "longitude": 77.6105362,
      "accuracy": 11.456999778747559,
      "timestamp": "2025-03-18T11:55:45.797Z",
      "action": "tracking",
      "diagnostics": {
        "battery": {
          "level": 61,
          "charging": false
        },
        "network": {
          "type": "4g",
          "downlink": 10,
          "rtt": 50,
          "saveData": false
        },
        "userAgent": "Mozilla/5.0 (Linux; Android 10; K) AppleWebKit/537.36 (KHTML, like Gecko) Chrome/134.0.0.0 Mobile Safari/537.36",
        "visibilityState": "visible"
      }
    },
    "timestamp": "2025-03-18T11:55:45.799Z"
  },
  {
    "type": "location_attempt",
    "data": {
      "id": "Anand",
      "latitude": 12.9292593,
      "longitude": 77.6105357,
      "accuracy": 11.35200023651123,
      "timestamp": "2025-03-18T11:55:46.798Z",
      "action": "tracking",
      "diagnostics": {
        "battery": {
          "level": 61,
          "charging": false
        },
        "network": {
          "type": "4g",
          "downlink": 10,
          "rtt": 50,
          "saveData": false
        },
        "userAgent": "Mozilla/5.0 (Linux; Android 10; K) AppleWebKit/537.36 (KHTML, like Gecko) Chrome/134.0.0.0 Mobile Safari/537.36",
        "visibilityState": "visible"
      }
    },
    "timestamp": "2025-03-18T11:55:46.799Z"
  },
  {
    "type": "location_attempt",
    "data": {
      "id": "Anand",
      "latitude": 12.9292594,
      "longitude": 77.6105355,
      "accuracy": 11.321999549865723,
      "timestamp": "2025-03-18T11:55:47.800Z",
      "action": "tracking",
      "diagnostics": {
        "battery": {
          "level": 61,
          "charging": false
        },
        "network": {
          "type": "4g",
          "downlink": 10,
          "rtt": 50,
          "saveData": false
        },
        "userAgent": "Mozilla/5.0 (Linux; Android 10; K) AppleWebKit/537.36 (KHTML, like Gecko) Chrome/134.0.0.0 Mobile Safari/537.36",
        "visibilityState": "visible"
      }
    },
    "timestamp": "2025-03-18T11:55:47.801Z"
  },
  {
    "type": "location_attempt",
    "data": {
      "id": "Anand",
      "latitude": 12.9292594,
      "longitude": 77.6105355,
      "accuracy": 11.343000411987305,
      "timestamp": "2025-03-18T11:55:48.813Z",
      "action": "tracking",
      "diagnostics": {
        "battery": {
          "level": 61,
          "charging": false
        },
        "network": {
          "type": "4g",
          "downlink": 10,
          "rtt": 50,
          "saveData": false
        },
        "userAgent": "Mozilla/5.0 (Linux; Android 10; K) AppleWebKit/537.36 (KHTML, like Gecko) Chrome/134.0.0.0 Mobile Safari/537.36",
        "visibilityState": "visible"
      }
    },
    "timestamp": "2025-03-18T11:55:48.816Z"
  },
  {
    "type": "location_attempt",
    "data": {
      "id": "Anand",
      "latitude": 12.9292593,
      "longitude": 77.6105355,
      "accuracy": 11.373000144958496,
      "timestamp": "2025-03-18T11:55:49.797Z",
      "action": "tracking",
      "diagnostics": {
        "battery": {
          "level": 61,
          "charging": false
        },
        "network": {
          "type": "4g",
          "downlink": 10,
          "rtt": 50,
          "saveData": false
        },
        "userAgent": "Mozilla/5.0 (Linux; Android 10; K) AppleWebKit/537.36 (KHTML, like Gecko) Chrome/134.0.0.0 Mobile Safari/537.36",
        "visibilityState": "visible"
      }
    },
    "timestamp": "2025-03-18T11:55:49.798Z"
  },
  {
    "type": "location_attempt",
    "data": {
      "id": "Anand",
      "latitude": 12.9292593,
      "longitude": 77.6105356,
      "accuracy": 11.434000015258789,
      "timestamp": "2025-03-18T11:55:50.802Z",
      "action": "tracking",
      "diagnostics": {
        "battery": {
          "level": 61,
          "charging": false
        },
        "network": {
          "type": "4g",
          "downlink": 10,
          "rtt": 50,
          "saveData": false
        },
        "userAgent": "Mozilla/5.0 (Linux; Android 10; K) AppleWebKit/537.36 (KHTML, like Gecko) Chrome/134.0.0.0 Mobile Safari/537.36",
        "visibilityState": "visible"
      }
    },
    "timestamp": "2025-03-18T11:55:50.804Z"
  },
  {
    "type": "location_attempt",
    "data": {
      "id": "Anand",
      "latitude": 12.9292597,
      "longitude": 77.6105352,
      "accuracy": 11.440999984741211,
      "timestamp": "2025-03-18T11:55:51.800Z",
      "action": "tracking",
      "diagnostics": {
        "battery": {
          "level": 61,
          "charging": false
        },
        "network": {
          "type": "4g",
          "downlink": 10,
          "rtt": 50,
          "saveData": false
        },
        "userAgent": "Mozilla/5.0 (Linux; Android 10; K) AppleWebKit/537.36 (KHTML, like Gecko) Chrome/134.0.0.0 Mobile Safari/537.36",
        "visibilityState": "visible"
      }
    },
    "timestamp": "2025-03-18T11:55:51.800Z"
  },
  {
    "type": "location_attempt",
    "data": {
      "id": "Anand",
      "latitude": 12.9292598,
      "longitude": 77.6105351,
      "accuracy": 11.439000129699707,
      "timestamp": "2025-03-18T11:55:52.809Z",
      "action": "tracking",
      "diagnostics": {
        "battery": {
          "level": 61,
          "charging": false
        },
        "network": {
          "type": "4g",
          "downlink": 10,
          "rtt": 50,
          "saveData": false
        },
        "userAgent": "Mozilla/5.0 (Linux; Android 10; K) AppleWebKit/537.36 (KHTML, like Gecko) Chrome/134.0.0.0 Mobile Safari/537.36",
        "visibilityState": "visible"
      }
    },
    "timestamp": "2025-03-18T11:55:52.809Z"
  },
  {
    "type": "location_attempt",
    "data": {
      "id": "Anand",
      "latitude": 12.9292599,
      "longitude": 77.6105351,
      "accuracy": 11.489999771118164,
      "timestamp": "2025-03-18T11:55:53.805Z",
      "action": "tracking",
      "diagnostics": {
        "battery": {
          "level": 61,
          "charging": false
        },
        "network": {
          "type": "4g",
          "downlink": 10,
          "rtt": 50,
          "saveData": false
        },
        "userAgent": "Mozilla/5.0 (Linux; Android 10; K) AppleWebKit/537.36 (KHTML, like Gecko) Chrome/134.0.0.0 Mobile Safari/537.36",
        "visibilityState": "visible"
      }
    },
    "timestamp": "2025-03-18T11:55:53.806Z"
  },
  {
    "type": "location_attempt",
    "data": {
      "id": "Anand",
      "latitude": 12.9292599,
      "longitude": 77.6105353,
      "accuracy": 11.52400016784668,
      "timestamp": "2025-03-18T11:55:54.798Z",
      "action": "tracking",
      "diagnostics": {
        "battery": {
          "level": 61,
          "charging": false
        },
        "network": {
          "type": "4g",
          "downlink": 10,
          "rtt": 50,
          "saveData": false
        },
        "userAgent": "Mozilla/5.0 (Linux; Android 10; K) AppleWebKit/537.36 (KHTML, like Gecko) Chrome/134.0.0.0 Mobile Safari/537.36",
        "visibilityState": "visible"
      }
    },
    "timestamp": "2025-03-18T11:55:54.800Z"
  },
  {
    "type": "location_attempt",
    "data": {
      "id": "Anand",
      "latitude": 12.9292599,
      "longitude": 77.6105353,
      "accuracy": 11.553999900817871,
      "timestamp": "2025-03-18T11:55:55.817Z",
      "action": "tracking",
      "diagnostics": {
        "battery": {
          "level": 61,
          "charging": false
        },
        "network": {
          "type": "4g",
          "downlink": 10,
          "rtt": 50,
          "saveData": false
        },
        "userAgent": "Mozilla/5.0 (Linux; Android 10; K) AppleWebKit/537.36 (KHTML, like Gecko) Chrome/134.0.0.0 Mobile Safari/537.36",
        "visibilityState": "visible"
      }
    },
    "timestamp": "2025-03-18T11:55:55.818Z"
  },
  {
    "type": "location_attempt",
    "data": {
      "id": "Anand",
      "latitude": 12.9292602,
      "longitude": 77.6105348,
      "accuracy": 11.463000297546387,
      "timestamp": "2025-03-18T11:55:56.793Z",
      "action": "tracking",
      "diagnostics": {
        "battery": {
          "level": 61,
          "charging": false
        },
        "network": {
          "type": "4g",
          "downlink": 10,
          "rtt": 50,
          "saveData": false
        },
        "userAgent": "Mozilla/5.0 (Linux; Android 10; K) AppleWebKit/537.36 (KHTML, like Gecko) Chrome/134.0.0.0 Mobile Safari/537.36",
        "visibilityState": "visible"
      }
    },
    "timestamp": "2025-03-18T11:55:56.794Z"
  },
  {
    "type": "location_attempt",
    "data": {
      "id": "Anand",
      "latitude": 12.9292718,
      "longitude": 77.6104895,
      "accuracy": 12.354999542236328,
      "timestamp": "2025-03-18T11:56:46.814Z",
      "action": "tracking",
      "diagnostics": {
        "battery": {
          "level": 61,
          "charging": false
        },
        "network": {
          "type": "4g",
          "downlink": 10,
          "rtt": 50,
          "saveData": false
        },
        "userAgent": "Mozilla/5.0 (Linux; Android 10; K) AppleWebKit/537.36 (KHTML, like Gecko) Chrome/134.0.0.0 Mobile Safari/537.36",
        "visibilityState": "visible"
      }
    },
    "timestamp": "2025-03-18T11:56:46.815Z"
  },
  {
    "type": "location_attempt",
    "data": {
      "id": "Anand",
      "latitude": 12.9292608,
      "longitude": 77.6105287,
      "accuracy": 13.593000411987305,
      "timestamp": "2025-03-18T11:56:48.806Z",
      "action": "tracking",
      "diagnostics": {
        "battery": {
          "level": 61,
          "charging": false
        },
        "network": {
          "type": "4g",
          "downlink": 10,
          "rtt": 50,
          "saveData": false
        },
        "userAgent": "Mozilla/5.0 (Linux; Android 10; K) AppleWebKit/537.36 (KHTML, like Gecko) Chrome/134.0.0.0 Mobile Safari/537.36",
        "visibilityState": "visible"
      }
    },
    "timestamp": "2025-03-18T11:56:48.807Z"
  },
  {
    "type": "location_attempt",
    "data": {
      "id": "Anand",
      "latitude": 12.9292597,
      "longitude": 77.6105348,
      "accuracy": 13.060999870300293,
      "timestamp": "2025-03-18T11:56:49.797Z",
      "action": "tracking",
      "diagnostics": {
        "battery": {
          "level": 61,
          "charging": false
        },
        "network": {
          "type": "4g",
          "downlink": 10,
          "rtt": 50,
          "saveData": false
        },
        "userAgent": "Mozilla/5.0 (Linux; Android 10; K) AppleWebKit/537.36 (KHTML, like Gecko) Chrome/134.0.0.0 Mobile Safari/537.36",
        "visibilityState": "visible"
      }
    },
    "timestamp": "2025-03-18T11:56:49.798Z"
  },
  {
    "type": "location_attempt",
    "data": {
      "id": "Anand",
      "latitude": 12.9292603,
      "longitude": 77.6105359,
      "accuracy": 12.361000061035156,
      "timestamp": "2025-03-18T11:56:50.799Z",
      "action": "tracking",
      "diagnostics": {
        "battery": {
          "level": 61,
          "charging": false
        },
        "network": {
          "type": "4g",
          "downlink": 10,
          "rtt": 50,
          "saveData": false
        },
        "userAgent": "Mozilla/5.0 (Linux; Android 10; K) AppleWebKit/537.36 (KHTML, like Gecko) Chrome/134.0.0.0 Mobile Safari/537.36",
        "visibilityState": "visible"
      }
    },
    "timestamp": "2025-03-18T11:56:50.800Z"
  },
  {
    "type": "location_attempt",
    "data": {
      "id": "Anand",
      "latitude": 12.9292606,
      "longitude": 77.6105358,
      "accuracy": 11.659000396728516,
      "timestamp": "2025-03-18T11:56:51.790Z",
      "action": "tracking",
      "diagnostics": {
        "battery": {
          "level": 61,
          "charging": false
        },
        "network": {
          "type": "4g",
          "downlink": 10,
          "rtt": 50,
          "saveData": false
        },
        "userAgent": "Mozilla/5.0 (Linux; Android 10; K) AppleWebKit/537.36 (KHTML, like Gecko) Chrome/134.0.0.0 Mobile Safari/537.36",
        "visibilityState": "visible"
      }
    },
    "timestamp": "2025-03-18T11:56:51.791Z"
  }
]
==========================================================

========== DIAGNOSTIC LOG 2025-03-18T12:54:37.868Z ==========
Device ID: Anand
User Agent: Mozilla/5.0 (Linux; Android 10; K) AppleWebKit/537.36 (KHTML, like Gecko) Chrome/134.0.0.0 Mobile Safari/537.36
Screen: 424x932
Failure Logs: 0
Success Logs: 20
Pending Failure Logs: 0

FAILURE DETAILS:
[]

SUCCESS DETAILS:
[
  {
    "timestamp": "2025-03-18T11:55:43.396Z",
    "networkInfo": {
      "type": "4g",
      "downlink": 10
    }
  },
  {
    "timestamp": "2025-03-18T11:55:44.074Z",
    "networkInfo": {
      "type": "4g",
      "downlink": 10
    }
  },
  {
    "timestamp": "2025-03-18T11:55:45.544Z",
    "networkInfo": {
      "type": "4g",
      "downlink": 10
    }
  },
  {
    "timestamp": "2025-03-18T11:55:46.468Z",
    "networkInfo": {
      "type": "4g",
      "downlink": 10
    }
  },
  {
    "timestamp": "2025-03-18T11:55:47.316Z",
    "networkInfo": {
      "type": "4g",
      "downlink": 10
    }
  },
  {
    "timestamp": "2025-03-18T11:55:48.309Z",
    "networkInfo": {
      "type": "4g",
      "downlink": 10
    }
  },
  {
    "timestamp": "2025-03-18T11:55:49.232Z",
    "networkInfo": {
      "type": "4g",
      "downlink": 10
    }
  },
  {
    "timestamp": "2025-03-18T11:55:50.669Z",
    "networkInfo": {
      "type": "4g",
      "downlink": 10
    }
  },
  {
    "timestamp": "2025-03-18T11:55:51.175Z",
    "networkInfo": {
      "type": "4g",
      "downlink": 10
    }
  },
  {
    "timestamp": "2025-03-18T11:55:52.443Z",
    "networkInfo": {
      "type": "4g",
      "downlink": 10
    }
  },
  {
    "timestamp": "2025-03-18T11:55:53.432Z",
    "networkInfo": {
      "type": "4g",
      "downlink": 10
    }
  },
  {
    "timestamp": "2025-03-18T11:55:54.355Z",
    "networkInfo": {
      "type": "4g",
      "downlink": 10
    }
  },
  {
    "timestamp": "2025-03-18T11:55:55.477Z",
    "networkInfo": {
      "type": "4g",
      "downlink": 10
    }
  },
  {
    "timestamp": "2025-03-18T11:55:56.407Z",
    "networkInfo": {
      "type": "4g",
      "downlink": 10
    }
  },
  {
    "timestamp": "2025-03-18T11:55:57.327Z",
    "networkInfo": {
      "type": "4g",
      "downlink": 10
    }
  },
  {
    "timestamp": "2025-03-18T11:56:47.181Z",
    "networkInfo": {
      "type": "4g",
      "downlink": 10
    }
  },
  {
    "timestamp": "2025-03-18T11:56:49.240Z",
    "networkInfo": {
      "type": "4g",
      "downlink": 10
    }
  },
  {
    "timestamp": "2025-03-18T11:56:50.183Z",
    "networkInfo": {
      "type": "4g",
      "downlink": 10
    }
  },
  {
    "timestamp": "2025-03-18T11:56:51.299Z",
    "networkInfo": {
      "type": "4g",
      "downlink": 10
    }
  },
  {
    "timestamp": "2025-03-18T11:56:52.295Z",
    "networkInfo": {
      "type": "4g",
      "downlink": 10
    }
  }
]

TRACKING DETAILS:
[
  {
    "type": "location_attempt",
    "data": {
      "id": "Anand",
      "latitude": 12.9292589,
      "longitude": 77.6105362,
      "accuracy": 11.744000434875488,
      "timestamp": "2025-03-18T11:55:42.821Z",
      "action": "tracking",
      "diagnostics": {
        "battery": {
          "level": 61,
          "charging": false
        },
        "network": {
          "type": "4g",
          "downlink": 10,
          "rtt": 50,
          "saveData": false
        },
        "userAgent": "Mozilla/5.0 (Linux; Android 10; K) AppleWebKit/537.36 (KHTML, like Gecko) Chrome/134.0.0.0 Mobile Safari/537.36",
        "visibilityState": "visible"
      }
    },
    "timestamp": "2025-03-18T11:55:42.822Z"
  },
  {
    "type": "location_attempt",
    "data": {
      "id": "Anand",
      "latitude": 12.9292589,
      "longitude": 77.6105362,
      "accuracy": 11.673999786376953,
      "timestamp": "2025-03-18T11:55:43.804Z",
      "action": "tracking",
      "diagnostics": {
        "battery": {
          "level": 61,
          "charging": false
        },
        "network": {
          "type": "4g",
          "downlink": 10,
          "rtt": 50,
          "saveData": false
        },
        "userAgent": "Mozilla/5.0 (Linux; Android 10; K) AppleWebKit/537.36 (KHTML, like Gecko) Chrome/134.0.0.0 Mobile Safari/537.36",
        "visibilityState": "visible"
      }
    },
    "timestamp": "2025-03-18T11:55:43.805Z"
  },
  {
    "type": "location_attempt",
    "data": {
      "id": "Anand",
      "latitude": 12.9292588,
      "longitude": 77.6105362,
      "accuracy": 11.470000267028809,
      "timestamp": "2025-03-18T11:55:44.777Z",
      "action": "tracking",
      "diagnostics": {
        "battery": {
          "level": 61,
          "charging": false
        },
        "network": {
          "type": "4g",
          "downlink": 10,
          "rtt": 50,
          "saveData": false
        },
        "userAgent": "Mozilla/5.0 (Linux; Android 10; K) AppleWebKit/537.36 (KHTML, like Gecko) Chrome/134.0.0.0 Mobile Safari/537.36",
        "visibilityState": "visible"
      }
    },
    "timestamp": "2025-03-18T11:55:44.778Z"
  },
  {
    "type": "location_attempt",
    "data": {
      "id": "Anand",
      "latitude": 12.9292588,
      "longitude": 77.6105362,
      "accuracy": 11.456999778747559,
      "timestamp": "2025-03-18T11:55:45.797Z",
      "action": "tracking",
      "diagnostics": {
        "battery": {
          "level": 61,
          "charging": false
        },
        "network": {
          "type": "4g",
          "downlink": 10,
          "rtt": 50,
          "saveData": false
        },
        "userAgent": "Mozilla/5.0 (Linux; Android 10; K) AppleWebKit/537.36 (KHTML, like Gecko) Chrome/134.0.0.0 Mobile Safari/537.36",
        "visibilityState": "visible"
      }
    },
    "timestamp": "2025-03-18T11:55:45.799Z"
  },
  {
    "type": "location_attempt",
    "data": {
      "id": "Anand",
      "latitude": 12.9292593,
      "longitude": 77.6105357,
      "accuracy": 11.35200023651123,
      "timestamp": "2025-03-18T11:55:46.798Z",
      "action": "tracking",
      "diagnostics": {
        "battery": {
          "level": 61,
          "charging": false
        },
        "network": {
          "type": "4g",
          "downlink": 10,
          "rtt": 50,
          "saveData": false
        },
        "userAgent": "Mozilla/5.0 (Linux; Android 10; K) AppleWebKit/537.36 (KHTML, like Gecko) Chrome/134.0.0.0 Mobile Safari/537.36",
        "visibilityState": "visible"
      }
    },
    "timestamp": "2025-03-18T11:55:46.799Z"
  },
  {
    "type": "location_attempt",
    "data": {
      "id": "Anand",
      "latitude": 12.9292594,
      "longitude": 77.6105355,
      "accuracy": 11.321999549865723,
      "timestamp": "2025-03-18T11:55:47.800Z",
      "action": "tracking",
      "diagnostics": {
        "battery": {
          "level": 61,
          "charging": false
        },
        "network": {
          "type": "4g",
          "downlink": 10,
          "rtt": 50,
          "saveData": false
        },
        "userAgent": "Mozilla/5.0 (Linux; Android 10; K) AppleWebKit/537.36 (KHTML, like Gecko) Chrome/134.0.0.0 Mobile Safari/537.36",
        "visibilityState": "visible"
      }
    },
    "timestamp": "2025-03-18T11:55:47.801Z"
  },
  {
    "type": "location_attempt",
    "data": {
      "id": "Anand",
      "latitude": 12.9292594,
      "longitude": 77.6105355,
      "accuracy": 11.343000411987305,
      "timestamp": "2025-03-18T11:55:48.813Z",
      "action": "tracking",
      "diagnostics": {
        "battery": {
          "level": 61,
          "charging": false
        },
        "network": {
          "type": "4g",
          "downlink": 10,
          "rtt": 50,
          "saveData": false
        },
        "userAgent": "Mozilla/5.0 (Linux; Android 10; K) AppleWebKit/537.36 (KHTML, like Gecko) Chrome/134.0.0.0 Mobile Safari/537.36",
        "visibilityState": "visible"
      }
    },
    "timestamp": "2025-03-18T11:55:48.816Z"
  },
  {
    "type": "location_attempt",
    "data": {
      "id": "Anand",
      "latitude": 12.9292593,
      "longitude": 77.6105355,
      "accuracy": 11.373000144958496,
      "timestamp": "2025-03-18T11:55:49.797Z",
      "action": "tracking",
      "diagnostics": {
        "battery": {
          "level": 61,
          "charging": false
        },
        "network": {
          "type": "4g",
          "downlink": 10,
          "rtt": 50,
          "saveData": false
        },
        "userAgent": "Mozilla/5.0 (Linux; Android 10; K) AppleWebKit/537.36 (KHTML, like Gecko) Chrome/134.0.0.0 Mobile Safari/537.36",
        "visibilityState": "visible"
      }
    },
    "timestamp": "2025-03-18T11:55:49.798Z"
  },
  {
    "type": "location_attempt",
    "data": {
      "id": "Anand",
      "latitude": 12.9292593,
      "longitude": 77.6105356,
      "accuracy": 11.434000015258789,
      "timestamp": "2025-03-18T11:55:50.802Z",
      "action": "tracking",
      "diagnostics": {
        "battery": {
          "level": 61,
          "charging": false
        },
        "network": {
          "type": "4g",
          "downlink": 10,
          "rtt": 50,
          "saveData": false
        },
        "userAgent": "Mozilla/5.0 (Linux; Android 10; K) AppleWebKit/537.36 (KHTML, like Gecko) Chrome/134.0.0.0 Mobile Safari/537.36",
        "visibilityState": "visible"
      }
    },
    "timestamp": "2025-03-18T11:55:50.804Z"
  },
  {
    "type": "location_attempt",
    "data": {
      "id": "Anand",
      "latitude": 12.9292597,
      "longitude": 77.6105352,
      "accuracy": 11.440999984741211,
      "timestamp": "2025-03-18T11:55:51.800Z",
      "action": "tracking",
      "diagnostics": {
        "battery": {
          "level": 61,
          "charging": false
        },
        "network": {
          "type": "4g",
          "downlink": 10,
          "rtt": 50,
          "saveData": false
        },
        "userAgent": "Mozilla/5.0 (Linux; Android 10; K) AppleWebKit/537.36 (KHTML, like Gecko) Chrome/134.0.0.0 Mobile Safari/537.36",
        "visibilityState": "visible"
      }
    },
    "timestamp": "2025-03-18T11:55:51.800Z"
  },
  {
    "type": "location_attempt",
    "data": {
      "id": "Anand",
      "latitude": 12.9292598,
      "longitude": 77.6105351,
      "accuracy": 11.439000129699707,
      "timestamp": "2025-03-18T11:55:52.809Z",
      "action": "tracking",
      "diagnostics": {
        "battery": {
          "level": 61,
          "charging": false
        },
        "network": {
          "type": "4g",
          "downlink": 10,
          "rtt": 50,
          "saveData": false
        },
        "userAgent": "Mozilla/5.0 (Linux; Android 10; K) AppleWebKit/537.36 (KHTML, like Gecko) Chrome/134.0.0.0 Mobile Safari/537.36",
        "visibilityState": "visible"
      }
    },
    "timestamp": "2025-03-18T11:55:52.809Z"
  },
  {
    "type": "location_attempt",
    "data": {
      "id": "Anand",
      "latitude": 12.9292599,
      "longitude": 77.6105351,
      "accuracy": 11.489999771118164,
      "timestamp": "2025-03-18T11:55:53.805Z",
      "action": "tracking",
      "diagnostics": {
        "battery": {
          "level": 61,
          "charging": false
        },
        "network": {
          "type": "4g",
          "downlink": 10,
          "rtt": 50,
          "saveData": false
        },
        "userAgent": "Mozilla/5.0 (Linux; Android 10; K) AppleWebKit/537.36 (KHTML, like Gecko) Chrome/134.0.0.0 Mobile Safari/537.36",
        "visibilityState": "visible"
      }
    },
    "timestamp": "2025-03-18T11:55:53.806Z"
  },
  {
    "type": "location_attempt",
    "data": {
      "id": "Anand",
      "latitude": 12.9292599,
      "longitude": 77.6105353,
      "accuracy": 11.52400016784668,
      "timestamp": "2025-03-18T11:55:54.798Z",
      "action": "tracking",
      "diagnostics": {
        "battery": {
          "level": 61,
          "charging": false
        },
        "network": {
          "type": "4g",
          "downlink": 10,
          "rtt": 50,
          "saveData": false
        },
        "userAgent": "Mozilla/5.0 (Linux; Android 10; K) AppleWebKit/537.36 (KHTML, like Gecko) Chrome/134.0.0.0 Mobile Safari/537.36",
        "visibilityState": "visible"
      }
    },
    "timestamp": "2025-03-18T11:55:54.800Z"
  },
  {
    "type": "location_attempt",
    "data": {
      "id": "Anand",
      "latitude": 12.9292599,
      "longitude": 77.6105353,
      "accuracy": 11.553999900817871,
      "timestamp": "2025-03-18T11:55:55.817Z",
      "action": "tracking",
      "diagnostics": {
        "battery": {
          "level": 61,
          "charging": false
        },
        "network": {
          "type": "4g",
          "downlink": 10,
          "rtt": 50,
          "saveData": false
        },
        "userAgent": "Mozilla/5.0 (Linux; Android 10; K) AppleWebKit/537.36 (KHTML, like Gecko) Chrome/134.0.0.0 Mobile Safari/537.36",
        "visibilityState": "visible"
      }
    },
    "timestamp": "2025-03-18T11:55:55.818Z"
  },
  {
    "type": "location_attempt",
    "data": {
      "id": "Anand",
      "latitude": 12.9292602,
      "longitude": 77.6105348,
      "accuracy": 11.463000297546387,
      "timestamp": "2025-03-18T11:55:56.793Z",
      "action": "tracking",
      "diagnostics": {
        "battery": {
          "level": 61,
          "charging": false
        },
        "network": {
          "type": "4g",
          "downlink": 10,
          "rtt": 50,
          "saveData": false
        },
        "userAgent": "Mozilla/5.0 (Linux; Android 10; K) AppleWebKit/537.36 (KHTML, like Gecko) Chrome/134.0.0.0 Mobile Safari/537.36",
        "visibilityState": "visible"
      }
    },
    "timestamp": "2025-03-18T11:55:56.794Z"
  },
  {
    "type": "location_attempt",
    "data": {
      "id": "Anand",
      "latitude": 12.9292718,
      "longitude": 77.6104895,
      "accuracy": 12.354999542236328,
      "timestamp": "2025-03-18T11:56:46.814Z",
      "action": "tracking",
      "diagnostics": {
        "battery": {
          "level": 61,
          "charging": false
        },
        "network": {
          "type": "4g",
          "downlink": 10,
          "rtt": 50,
          "saveData": false
        },
        "userAgent": "Mozilla/5.0 (Linux; Android 10; K) AppleWebKit/537.36 (KHTML, like Gecko) Chrome/134.0.0.0 Mobile Safari/537.36",
        "visibilityState": "visible"
      }
    },
    "timestamp": "2025-03-18T11:56:46.815Z"
  },
  {
    "type": "location_attempt",
    "data": {
      "id": "Anand",
      "latitude": 12.9292608,
      "longitude": 77.6105287,
      "accuracy": 13.593000411987305,
      "timestamp": "2025-03-18T11:56:48.806Z",
      "action": "tracking",
      "diagnostics": {
        "battery": {
          "level": 61,
          "charging": false
        },
        "network": {
          "type": "4g",
          "downlink": 10,
          "rtt": 50,
          "saveData": false
        },
        "userAgent": "Mozilla/5.0 (Linux; Android 10; K) AppleWebKit/537.36 (KHTML, like Gecko) Chrome/134.0.0.0 Mobile Safari/537.36",
        "visibilityState": "visible"
      }
    },
    "timestamp": "2025-03-18T11:56:48.807Z"
  },
  {
    "type": "location_attempt",
    "data": {
      "id": "Anand",
      "latitude": 12.9292597,
      "longitude": 77.6105348,
      "accuracy": 13.060999870300293,
      "timestamp": "2025-03-18T11:56:49.797Z",
      "action": "tracking",
      "diagnostics": {
        "battery": {
          "level": 61,
          "charging": false
        },
        "network": {
          "type": "4g",
          "downlink": 10,
          "rtt": 50,
          "saveData": false
        },
        "userAgent": "Mozilla/5.0 (Linux; Android 10; K) AppleWebKit/537.36 (KHTML, like Gecko) Chrome/134.0.0.0 Mobile Safari/537.36",
        "visibilityState": "visible"
      }
    },
    "timestamp": "2025-03-18T11:56:49.798Z"
  },
  {
    "type": "location_attempt",
    "data": {
      "id": "Anand",
      "latitude": 12.9292603,
      "longitude": 77.6105359,
      "accuracy": 12.361000061035156,
      "timestamp": "2025-03-18T11:56:50.799Z",
      "action": "tracking",
      "diagnostics": {
        "battery": {
          "level": 61,
          "charging": false
        },
        "network": {
          "type": "4g",
          "downlink": 10,
          "rtt": 50,
          "saveData": false
        },
        "userAgent": "Mozilla/5.0 (Linux; Android 10; K) AppleWebKit/537.36 (KHTML, like Gecko) Chrome/134.0.0.0 Mobile Safari/537.36",
        "visibilityState": "visible"
      }
    },
    "timestamp": "2025-03-18T11:56:50.800Z"
  },
  {
    "type": "location_attempt",
    "data": {
      "id": "Anand",
      "latitude": 12.9292606,
      "longitude": 77.6105358,
      "accuracy": 11.659000396728516,
      "timestamp": "2025-03-18T11:56:51.790Z",
      "action": "tracking",
      "diagnostics": {
        "battery": {
          "level": 61,
          "charging": false
        },
        "network": {
          "type": "4g",
          "downlink": 10,
          "rtt": 50,
          "saveData": false
        },
        "userAgent": "Mozilla/5.0 (Linux; Android 10; K) AppleWebKit/537.36 (KHTML, like Gecko) Chrome/134.0.0.0 Mobile Safari/537.36",
        "visibilityState": "visible"
      }
    },
    "timestamp": "2025-03-18T11:56:51.791Z"
  }
]
==========================================================
